*   Trying 200.233.4.177:443...
* Connected to nfcom-homologacao.svrs.rs.gov.br (200.233.4.177) port 443
* ALPN: curl offers http/1.1
* SSL connection using TLSv1.2 / ECDHE-RSA-AES256-GCM-SHA384
* ALPN: server did not agree on a protocol. Uses default.
* Server certificate:
*  subject: C=BR; ST=RS; L=PORTO ALEGRE; O=PROCERGS CENTRO DE TECNOLOGIA DA INFORMACAO E COM; serialNumber=87124582000104; CN=*.svrs.rs.gov.br; businessCategory=Business Entity; jurisdictionC=BR
*  start date: Jul 10 19:26:53 2025 GMT
*  expire date: Jul 10 19:26:53 2026 GMT
*  issuer: C=BR; O=ICP-Brasil; OU=Autoridade Certificadora Raiz Brasileira v10; CN=Autoridade Certificadora do SERPRO SSLv1
*  SSL certificate verify result: unable to get local issuer certificate (20), continuing anyway.
* using HTTP/1.x
> POST /WS/NFComRecepcao/NFComRecepcao.asmx HTTP/1.1
Host: nfcom-homologacao.svrs.rs.gov.br
Accept: */*
Content-Type: application/soap+xml; charset=utf-8; action="http://www.portalfiscal.inf.br/nfcom/wsdl/NFComRecepcao/nfcomRecepcao"
Content-Length: 6107

< HTTP/1.1 400 Bad Request
< Cache-Control: private
< Content-Type: application/soap+xml; charset=utf-8
< Server: Microsoft-IIS/10.0
< X-AspNet-Version: 4.0.30319
< X-Powered-By: ASP.NET
< Date: Sun, 18 Jan 2026 11:10:40 GMT
< Content-Length: 0
< 
* Connection #0 to host nfcom-homologacao.svrs.rs.gov.br left intact
